2018-04-23 12:46:32,155  WARN [ModalContext] - ScalaProject - Project ScalaPostgres has platform default sourceLevel.
2018-04-23 12:46:32,157  WARN [ModalContext] - ScalaProject - Project ScalaPostgres runs on platform default installation.
2018-04-23 12:46:32,296  WARN [ModalContext] - ScalaProject - Project ScalaPostgres has platform default sourceLevel.
2018-04-23 12:46:32,296  WARN [ModalContext] - ScalaProject - Project ScalaPostgres runs on platform default installation.
2018-04-23 12:46:32,782  WARN [Worker-8] - ScalaProject - Project ScalaPostgres has platform default sourceLevel.
2018-04-23 12:46:32,785  WARN [Worker-8] - ScalaProject - Project ScalaPostgres runs on platform default installation.
2018-04-23 12:46:36,245  WARN [Worker-15] - ScalaProject - Project ScalaPostgres has platform default sourceLevel.
2018-04-23 12:46:36,246  WARN [Worker-15] - ScalaProject - Project ScalaPostgres runs on platform default installation.
2018-04-23 12:46:42,095  WARN [Worker-15] - ScalaProject - Project ScalaPostgres has platform default sourceLevel.
2018-04-23 12:46:42,095  WARN [Worker-15] - ScalaProject - Project ScalaPostgres runs on platform default installation.
2018-04-23 12:46:53,723  WARN [ModalContext] - ScalaProject - Project Test has platform default sourceLevel.
2018-04-23 12:46:53,723  WARN [ModalContext] - ScalaProject - Project Test runs on platform default installation.
2018-04-23 12:46:53,764  WARN [ModalContext] - ScalaProject - Project Test has platform default sourceLevel.
2018-04-23 12:46:53,764  WARN [ModalContext] - ScalaProject - Project Test runs on platform default installation.
2018-04-23 12:46:54,281  WARN [Worker-11] - ScalaProject - Project Test has platform default sourceLevel.
2018-04-23 12:46:54,281  WARN [Worker-11] - ScalaProject - Project Test runs on platform default installation.
2018-04-23 12:46:55,935  WARN [Worker-0] - ScalaProject - Project Test has platform default sourceLevel.
2018-04-23 12:46:55,935  WARN [Worker-0] - ScalaProject - Project Test runs on platform default installation.
2018-04-23 12:47:16,887  WARN [Worker-15] - ScalaProject - Project Test has platform default sourceLevel.
2018-04-23 12:47:16,888  WARN [Worker-15] - ScalaProject - Project Test runs on platform default installation.
2018-04-23 12:49:22,921  WARN [Worker-7] - ScalaProject - Project Test has platform default sourceLevel.
2018-04-23 12:49:22,921  WARN [Worker-7] - ScalaProject - Project Test runs on platform default installation.
2018-04-23 12:49:30,954  WARN [Worker-10] - ScalaProject - Project Test has platform default sourceLevel.
2018-04-23 12:49:30,954  WARN [Worker-10] - ScalaProject - Project Test runs on platform default installation.
2018-04-23 12:49:35,423  WARN [Worker-5] - ScalaProject - Project Test has platform default sourceLevel.
2018-04-23 12:49:35,424  WARN [Worker-5] - ScalaProject - Project Test runs on platform default installation.
2018-04-23 12:50:24,083  WARN [ModalContext] - ScalaProject - Project ScalaPostgres has platform default sourceLevel.
2018-04-23 12:50:24,084  WARN [ModalContext] - ScalaProject - Project ScalaPostgres runs on platform default installation.
2018-04-23 12:50:24,108  WARN [ModalContext] - ScalaProject - Project ScalaPostgres has platform default sourceLevel.
2018-04-23 12:50:24,108  WARN [ModalContext] - ScalaProject - Project ScalaPostgres runs on platform default installation.
2018-04-23 12:50:25,246  WARN [Worker-5] - ScalaProject - Project ScalaPostgres has platform default sourceLevel.
2018-04-23 12:50:25,247  WARN [Worker-5] - ScalaProject - Project ScalaPostgres runs on platform default installation.
2018-04-23 12:50:25,266  WARN [Worker-5] - ScalaProject - Project ScalaPostgres has platform default sourceLevel.
2018-04-23 12:50:25,266  WARN [Worker-5] - ScalaProject - Project ScalaPostgres runs on platform default installation.
2018-04-23 12:50:52,280  WARN [ModalContext] - ScalaProject - Project ScalaPostgres has platform default sourceLevel.
2018-04-23 12:50:52,281  WARN [ModalContext] - ScalaProject - Project ScalaPostgres runs on platform default installation.
2018-04-23 12:50:52,742  WARN [Worker-3] - ScalaProject - Project ScalaPostgres has platform default sourceLevel.
2018-04-23 12:50:52,742  WARN [Worker-3] - ScalaProject - Project ScalaPostgres runs on platform default installation.
2018-04-23 12:51:35,428  WARN [Worker-4] - ScalaProject - Project ScalaPostgres has platform default sourceLevel.
2018-04-23 12:51:35,428  WARN [Worker-4] - ScalaProject - Project ScalaPostgres runs on platform default installation.
2018-04-23 12:51:35,437  WARN [Worker-4] - ScalaProject - Project ScalaPostgres has platform default sourceLevel.
2018-04-23 12:51:35,437  WARN [Worker-4] - ScalaProject - Project ScalaPostgres runs on platform default installation.
2018-04-23 12:56:48,852  WARN [main] - ScalaProject - Project ScalaPostgres has platform default sourceLevel.
2018-04-23 12:56:48,854  WARN [main] - ScalaProject - Project ScalaPostgres runs on platform default installation.
2018-04-23 13:15:36,509  WARN [Worker-3] - ScalaProject - Project ScalaPostgres has platform default sourceLevel.
2018-04-23 13:15:36,510  WARN [Worker-3] - ScalaProject - Project ScalaPostgres runs on platform default installation.
2018-04-23 14:51:41,706  WARN [Worker-63] - ScalaProject - Project ScalaPostgres has platform default sourceLevel.
2018-04-23 14:51:41,706  WARN [Worker-63] - ScalaProject - Project ScalaPostgres runs on platform default installation.
2018-04-23 14:51:41,765  WARN [Worker-63] - ScalaProject - Project ScalaPostgres has platform default sourceLevel.
2018-04-23 14:51:41,765  WARN [Worker-63] - ScalaProject - Project ScalaPostgres runs on platform default installation.
2018-04-23 14:51:42,109  WARN [org.scalaide.ui.internal.reconciliation.ScalaReconciler] - ScalaProject - Project ScalaPostgres has platform default sourceLevel.
2018-04-23 14:51:42,110  WARN [org.scalaide.ui.internal.reconciliation.ScalaReconciler] - ScalaProject - Project ScalaPostgres runs on platform default installation.
